tel2puml/detect_loops.py:4: error: Skipping analyzing "networkx": module is installed, but missing library stubs or py.typed marker  [import-untyped]
tel2puml/detect_loops.py:83: error: Argument 1 to "add" of "set" has incompatible type "str"; expected "tuple[str, str]"  [arg-type]
tel2puml/detect_loops.py:193: error: Incompatible types in assignment (expression has type "list[Loop] | list[str]", variable has type "list[Loop]")  [assignment]
tel2puml/detect_loops.py:405: error: Incompatible types in assignment (expression has type "list[Loop] | list[str]", variable has type "list[str]")  [assignment]
tel2puml/jAlergiaPipeline.py:5: error: Skipping analyzing "networkx": module is installed, but missing library stubs or py.typed marker  [import-untyped]
tests/test_jAlergiaPipeline.py:6: error: Skipping analyzing "networkx": module is installed, but missing library stubs or py.typed marker  [import-untyped]
tel2puml/pipelines/data_creation.py:19: error: Missing type parameters for generic type "dict"  [type-arg]
tel2puml/pipelines/data_creation.py:52: error: Missing type parameters for generic type "dict"  [type-arg]
tel2puml/pipelines/data_creation.py:106: error: Missing type parameters for generic type "dict"  [type-arg]
tel2puml/pipelines/data_creation.py:107: error: Missing type parameters for generic type "dict"  [type-arg]
tel2puml/pipelines/data_creation.py:119: error: Missing type parameters for generic type "dict"  [type-arg]
tel2puml/pipelines/data_creation.py:148: error: Missing type parameters for generic type "dict"  [type-arg]
tel2puml/pipelines/data_creation.py:161: error: Function is missing a type annotation for one or more arguments  [no-untyped-def]
tel2puml/utils.py:6: error: Skipping analyzing "networkx": module is installed, but missing library stubs or py.typed marker  [import-untyped]
tel2puml/utils.py:77: error: Missing type parameters for generic type "tuple"  [type-arg]
tel2puml/utils.py:78: error: Name "plt.Figure" is not defined  [name-defined]
tests/test_utils.py:2: error: Skipping analyzing "networkx": module is installed, but missing library stubs or py.typed marker  [import-untyped]
tel2puml/check_puml_equiv.py:5: error: Skipping analyzing "networkx": module is installed, but missing library stubs or py.typed marker  [import-untyped]
tel2puml/check_puml_equiv.py:11: error: Skipping analyzing "test_event_generator.io.parse_puml": module is installed, but missing library stubs or py.typed marker  [import-untyped]
tel2puml/check_puml_equiv.py:54: error: Missing type parameters for generic type "dict"  [type-arg]
tel2puml/check_puml_equiv.py:130: error: Need type annotation for "collected_attributes" (hint: "collected_attributes: Dict[<type>, <type>] = ...")  [var-annotated]
tel2puml/check_puml_equiv.py:229: error: Argument 1 to "create_networkx_graph_from_parsed_puml" has incompatible type "list[str]"; expected "list[Any | tuple[Literal['START', 'END', 'PATH'], Literal['XOR', 'AND', 'OR', 'LOOP']]]"  [arg-type]
tel2puml/check_puml_equiv.py:229: note: "List" is invariant -- see https://mypy.readthedocs.io/en/stable/common_issues.html#variance
tel2puml/check_puml_equiv.py:229: note: Consider using "Sequence" instead, which is covariant
tel2puml/check_puml_equiv.py:281: error: Returning Any from function declared to return "bool"  [no-any-return]
tel2puml/pipelines/logic_detection_pipeline.py:13: error: Library stubs not installed for "pandas"  [import-untyped]
tel2puml/pipelines/logic_detection_pipeline.py:13: note: Hint: "python3 -m pip install pandas-stubs"
tel2puml/pipelines/logic_detection_pipeline.py:13: note: (or run "mypy --install-types" to install all missing stub packages)
tel2puml/pipelines/logic_detection_pipeline.py:19: error: Skipping analyzing "networkx": module is installed, but missing library stubs or py.typed marker  [import-untyped]
tel2puml/pipelines/logic_detection_pipeline.py:107: error: Signature of "__hash__" incompatible with supertype "dict"  [override]
tel2puml/pipelines/logic_detection_pipeline.py:107: note:      Superclass:
tel2puml/pipelines/logic_detection_pipeline.py:107: note:          None
tel2puml/pipelines/logic_detection_pipeline.py:107: note:      Subclass:
tel2puml/pipelines/logic_detection_pipeline.py:107: note:          def __hash__(self) -> int
tel2puml/pipelines/logic_detection_pipeline.py:163: error: Missing type parameters for generic type "ndarray"  [type-arg]
tel2puml/pipelines/logic_detection_pipeline.py:164: error: Missing type parameters for generic type "ndarray"  [type-arg]
tel2puml/pipelines/logic_detection_pipeline.py:620: error: Argument 1 to "remove" of "set" has incompatible type "set[Any]"; expected "frozenset[str]"  [arg-type]
tel2puml/pipelines/logic_detection_pipeline.py:623: error: Argument 1 to "get_weighted_cover" has incompatible type "set[frozenset[str]]"; expected "set[set[Any] | frozenset[Any]]"  [arg-type]
tel2puml/pipelines/logic_detection_pipeline.py:680: error: Function is missing a return type annotation  [no-untyped-def]
tel2puml/pipelines/logic_detection_pipeline.py:701: error: Function is missing a return type annotation  [no-untyped-def]
tel2puml/pipelines/logic_detection_pipeline.py:730: error: Need type annotation for "data_point_edges" (hint: "data_point_edges: Set[<type>] = ...")  [var-annotated]
tel2puml/pipelines/logic_detection_pipeline.py:823: error: Value of type "ndarray[Any, Any] | None" is not indexable  [index]
tel2puml/pipelines/logic_detection_pipeline.py:823: error: Unsupported target for indexed assignment ("ndarray[Any, Any] | None")  [index]
tel2puml/pipelines/logic_detection_pipeline.py:828: error: Missing type parameters for generic type "ndarray"  [type-arg]
tel2puml/pipelines/logic_detection_pipeline.py:843: error: Missing type parameters for generic type "ndarray"  [type-arg]
tel2puml/pipelines/logic_detection_pipeline.py:849: error: Returning Any from function declared to return "ndarray[Any, Any]"  [no-any-return]
tel2puml/pipelines/logic_detection_pipeline.py:850: error: Argument 1 to "diag" has incompatible type "ndarray[Any, Any] | None"; expected "_SupportsArray[dtype[Any]] | _NestedSequence[_SupportsArray[dtype[Any]]]"  [arg-type]
tel2puml/pipelines/logic_detection_pipeline.py:857: error: Missing type parameters for generic type "dict"  [type-arg]
tel2puml/pipelines/logic_detection_pipeline.py:869: error: Argument 1 to "update_all_connections_from_clustered_events" has incompatible type "dict_values[str, list[dict[Any, Any]]]"; expected "Iterable[Iterable[PVEvent]]"  [arg-type]
tel2puml/pipelines/logic_detection_pipeline.py:964: error: Missing type parameters for generic type "dict"  [type-arg]
tel2puml/pipelines/logic_detection_pipeline.py:978: error: Missing type parameters for generic type "dict"  [type-arg]
tel2puml/pipelines/logic_detection_pipeline.py:984: error: Missing type parameters for generic type "dict"  [type-arg]
tests/test_check_puml_equiv.py:4: error: Skipping analyzing "networkx": module is installed, but missing library stubs or py.typed marker  [import-untyped]
tests/test_check_puml_equiv.py:5: error: Skipping analyzing "test_event_generator.io.parse_puml": module is installed, but missing library stubs or py.typed marker  [import-untyped]
tests/test_check_puml_equiv.py:33: error: Need type annotation for "collected_attributes" (hint: "collected_attributes: Dict[<type>, <type>] = ...")  [var-annotated]
tests/test_check_puml_equiv.py:104: error: Function is missing a type annotation for one or more arguments  [no-untyped-def]
tests/test_check_puml_equiv.py:217: error: Dict entry 0 has incompatible type "str": "bool"; expected "str": "str"  [dict-item]
tests/test_check_puml_equiv.py:218: error: Dict entry 1 has incompatible type "str": "bool"; expected "str": "str"  [dict-item]
tests/test_check_puml_equiv.py:221: error: Dict entry 0 has incompatible type "str": "bool"; expected "str": "str"  [dict-item]
tests/test_check_puml_equiv.py:222: error: Dict entry 1 has incompatible type "str": "bool"; expected "str": "str"  [dict-item]
tests/test_check_puml_equiv.py:257: error: Dict entry 0 has incompatible type "str": "bool"; expected "str": "str"  [dict-item]
tests/test_check_puml_equiv.py:258: error: Dict entry 1 has incompatible type "str": "bool"; expected "str": "str"  [dict-item]
tests/test_check_puml_equiv.py:261: error: Dict entry 0 has incompatible type "str": "bool"; expected "str": "str"  [dict-item]
tests/test_check_puml_equiv.py:262: error: Dict entry 1 has incompatible type "str": "bool"; expected "str": "str"  [dict-item]
tests/test_check_puml_equiv.py:285: error: Incompatible types in assignment (expression has type "bool", target has type "str")  [assignment]
tests/test_check_puml_equiv.py:286: error: Incompatible types in assignment (expression has type "bool", target has type "str")  [assignment]
tests/tel2puml/pipelines/test_logic_detection_pipeline.py:4: error: Skipping analyzing "pm4py": module is installed, but missing library stubs or py.typed marker  [import-untyped]
tests/tel2puml/pipelines/test_logic_detection_pipeline.py:111: error: Item "None" of "ndarray[Any, Any] | None" has no attribute "tolist"  [union-attr]
tests/tel2puml/pipelines/test_logic_detection_pipeline.py:113: error: Item "None" of "ndarray[Any, Any] | None" has no attribute "tolist"  [union-attr]
tests/tel2puml/pipelines/test_logic_detection_pipeline.py:115: error: Item "None" of "ndarray[Any, Any] | None" has no attribute "tolist"  [union-attr]
tests/tel2puml/pipelines/test_logic_detection_pipeline.py:120: error: Unsupported target for indexed assignment ("ndarray[Any, Any] | None")  [index]
tests/tel2puml/pipelines/test_logic_detection_pipeline.py:121: error: Unsupported target for indexed assignment ("ndarray[Any, Any] | None")  [index]
tests/tel2puml/pipelines/test_logic_detection_pipeline.py:123: error: Item "None" of "ndarray[Any, Any] | None" has no attribute "tolist"  [union-attr]
tests/tel2puml/pipelines/test_logic_detection_pipeline.py:149: error: Item "None" of "ndarray[Any, Any] | None" has no attribute "tolist"  [union-attr]
tests/tel2puml/pipelines/test_logic_detection_pipeline.py:166: error: Item "None" of "ndarray[Any, Any] | None" has no attribute "tolist"  [union-attr]
tests/tel2puml/pipelines/test_logic_detection_pipeline.py:173: error: Need type annotation for "data_point_edges" (hint: "data_point_edges: Set[<type>] = ...")  [var-annotated]
tests/tel2puml/pipelines/test_logic_detection_pipeline.py:180: error: Item "None" of "ndarray[Any, Any] | None" has no attribute "tolist"  [union-attr]
tests/tel2puml/pipelines/test_logic_detection_pipeline.py:190: error: Item "None" of "ndarray[Any, Any] | None" has no attribute "tolist"  [union-attr]
tests/tel2puml/pipelines/test_logic_detection_pipeline.py:207: error: "None" has no attribute "tolist"  [attr-defined]
tests/tel2puml/pipelines/test_logic_detection_pipeline.py:213: error: "None" has no attribute "tolist"  [attr-defined]
tests/tel2puml/pipelines/test_logic_detection_pipeline.py:219: error: "None" has no attribute "tolist"  [attr-defined]
tests/tel2puml/pipelines/test_logic_detection_pipeline.py:363: error: Argument 1 to "create_augmented_data_from_reduced_event_set" of "Event" has incompatible type "EventSet"; expected "frozenset[str]"  [arg-type]
tests/tel2puml/pipelines/test_logic_detection_pipeline.py:523: error: Function is missing a type annotation  [no-untyped-def]
tests/tel2puml/pipelines/test_logic_detection_pipeline.py:542: error: Function is missing a type annotation  [no-untyped-def]
tests/tel2puml/pipelines/test_logic_detection_pipeline.py:558: error: Call to untyped function "_check_or" in typed context  [no-untyped-call]
tests/tel2puml/pipelines/test_logic_detection_pipeline.py:565: error: Call to untyped function "_check_or_and" in typed context  [no-untyped-call]
tests/tel2puml/pipelines/test_logic_detection_pipeline.py:759: error: Function is missing a return type annotation  [no-untyped-def]
tests/tel2puml/pipelines/test_logic_detection_pipeline.py:851: error: Function is missing a type annotation  [no-untyped-def]
tests/tel2puml/pipelines/test_logic_detection_pipeline.py:860: error: Call to untyped function "_check_node_for_repeat_and" in typed context  [no-untyped-call]
tests/tel2puml/pipelines/test_logic_detection_pipeline.py:880: error: Call to untyped function "_check_node_for_repeat_and" in typed context  [no-untyped-call]
tests/tel2puml/pipelines/test_logic_detection_pipeline.py:1039: error: Argument 1 to "update_all_connections_from_data" has incompatible type "Generator[dict[Any, Any], Any, None]"; expected "list[dict[Any, Any]]"  [arg-type]
tests/tel2puml/pipelines/test_logic_detection_pipeline.py:1107: error: Argument 1 to "update_all_connections_from_data" has incompatible type "Generator[dict[Any, Any], Any, None]"; expected "list[dict[Any, Any]]"  [arg-type]
tests/tel2puml/pipelines/test_logic_detection_pipeline.py:1146: error: Argument 1 to "update_all_connections_from_data" has incompatible type "Generator[dict[Any, Any], Any, None]"; expected "list[dict[Any, Any]]"  [arg-type]
tests/tel2puml/pipelines/test_logic_detection_pipeline.py:1196: error: Argument 1 to "update_all_connections_from_data" has incompatible type "Generator[dict[Any, Any], Any, None]"; expected "list[dict[Any, Any]]"  [arg-type]
tests/tel2puml/pipelines/test_logic_detection_pipeline.py:1244: error: Argument 1 to "update_all_connections_from_data" has incompatible type "Generator[dict[Any, Any], Any, None]"; expected "list[dict[Any, Any]]"  [arg-type]
tests/tel2puml/pipelines/test_logic_detection_pipeline.py:1294: error: Argument 1 to "update_all_connections_from_data" has incompatible type "Generator[dict[Any, Any], Any, None]"; expected "list[dict[Any, Any]]"  [arg-type]
tests/tel2puml/pipelines/test_logic_detection_pipeline.py:1348: error: Argument 1 to "update_all_connections_from_data" has incompatible type "Generator[dict[Any, Any], Any, None]"; expected "list[dict[Any, Any]]"  [arg-type]
tests/tel2puml/pipelines/test_logic_detection_pipeline.py:1477: error: Argument 1 to "get_graph_solutions_from_clustered_events" has incompatible type "Generator[Generator[dict[Any, Any], Any, None], Any, None]"; expected "Iterable[Iterable[PVEvent]]"  [arg-type]
tel2puml/puml_graph/graph.py:7: error: Skipping analyzing "networkx": module is installed, but missing library stubs or py.typed marker  [import-untyped]
tel2puml/puml_graph/graph.py:55: error: "type[PUMLOperatorNodes]" has no attribute "PATH_LOOP"  [attr-defined]
tel2puml/puml_graph/graph.py:78: error: Argument "extra_info" to "__init__" of "NXNode" has incompatible type "dict[str, bool] | None"; expected "dict[str, str] | None"  [arg-type]
tel2puml/puml_graph/graph.py:296: error: Class cannot subclass "DiGraph" (has type "Any")  [misc]
tel2puml/puml_graph/graph.py:390: error: Incompatible return value type (got "tuple[PUMLOperatorNode, ...]", expected "tuple[PUMLOperatorNode, PUMLOperatorNode]")  [return-value]
tel2puml/puml_graph/graph.py:533: error: Invalid index type "PUMLNode" for "dict[PUMLEventNode | PUMLOperatorNode, list[PUMLEventNode | PUMLOperatorNode]]"; expected type "PUMLEventNode | PUMLOperatorNode"  [index]
tel2puml/puml_graph/graph.py:539: error: Call to untyped function (unknown) in typed context  [no-untyped-call]
tel2puml/puml_graph/graph.py:551: error: Incompatible return value type (got "list[PUMLNode]", expected "list[PUMLEventNode | PUMLOperatorNode]")  [return-value]
tel2puml/puml_graph/graph.py:648: error: Returning Any from function declared to return "PUMLGraph"  [no-any-return]
tests/test_detect_loops.py:5: error: Skipping analyzing "networkx": module is installed, but missing library stubs or py.typed marker  [import-untyped]
tests/test_detect_loops.py:427: error: Incompatible types in assignment (expression has type "list[Loop] | list[str]", variable has type "list[Loop]")  [assignment]
tests/test_detect_loops.py:448: error: Incompatible types in assignment (expression has type "list[Loop] | list[str]", variable has type "list[Loop]")  [assignment]
tests/test_detect_loops.py:491: error: Argument 1 to "update_all_connections_from_clustered_events" has incompatible type "Generator[Generator[dict[Any, Any], Any, None], Any, None]"; expected "Iterable[Iterable[PVEvent]]"  [arg-type]
tests/test_detect_loops.py:521: error: Argument 1 to "update_all_connections_from_clustered_events" has incompatible type "Generator[Generator[dict[Any, Any], Any, None], Any, None]"; expected "Iterable[Iterable[PVEvent]]"  [arg-type]
tests/test_detect_loops.py:544: error: Argument 1 to "update_all_connections_from_clustered_events" has incompatible type "Generator[Generator[dict[Any, Any], Any, None], Any, None]"; expected "Iterable[Iterable[PVEvent]]"  [arg-type]
tests/test_detect_loops.py:568: error: Argument 1 to "update_all_connections_from_clustered_events" has incompatible type "Generator[Generator[dict[Any, Any], Any, None], Any, None]"; expected "Iterable[Iterable[PVEvent]]"  [arg-type]
tests/test_detect_loops.py:595: error: Argument 1 to "update_all_connections_from_clustered_events" has incompatible type "Generator[Generator[dict[Any, Any], Any, None], Any, None]"; expected "Iterable[Iterable[PVEvent]]"  [arg-type]
tests/test_detect_loops.py:646: error: Argument 1 to "update_all_connections_from_clustered_events" has incompatible type "Generator[Generator[dict[Any, Any], Any, None], Any, None]"; expected "Iterable[Iterable[PVEvent]]"  [arg-type]
tests/test_detect_loops.py:681: error: Argument 1 to "update_all_connections_from_clustered_events" has incompatible type "Generator[Generator[dict[Any, Any], Any, None], Any, None]"; expected "Iterable[Iterable[PVEvent]]"  [arg-type]
tests/test_detect_loops.py:720: error: Argument 1 to "update_all_connections_from_clustered_events" has incompatible type "Generator[Generator[dict[Any, Any], Any, None], Any, None]"; expected "Iterable[Iterable[PVEvent]]"  [arg-type]
tests/test_detect_loops.py:770: error: Non-overlapping equality check (left operand type: "list[str]", right operand type: "list[tuple[str, str]]")  [comparison-overlap]
tests/puml_graph/test_graph.py:5: error: Skipping analyzing "test_event_generator.io.parse_puml": module is installed, but missing library stubs or py.typed marker  [import-untyped]
tests/puml_graph/test_graph.py:47: error: Non-overlapping equality check (left operand type: "dict[str, str]", right operand type: "dict[str, bool]")  [comparison-overlap]
tests/puml_graph/test_graph.py:311: error: Non-overlapping equality check (left operand type: "dict[str, str]", right operand type: "dict[str, bool]")  [comparison-overlap]
tests/puml_graph/test_graph.py:320: error: Non-overlapping equality check (left operand type: "dict[str, str]", right operand type: "dict[str, bool]")  [comparison-overlap]
tests/puml_graph/test_graph.py:533: error: Need type annotation for "node_set" (hint: "node_set: Set[<type>] = ...")  [var-annotated]
tests/puml_graph/test_graph.py:579: error: Item "None" of "PUMLGraph | None" has no attribute "nodes"  [union-attr]
tests/puml_graph/test_graph.py:580: error: Item "None" of "PUMLGraph | None" has no attribute "nodes"  [union-attr]
tests/puml_graph/test_graph.py:581: error: Item "None" of "PUMLGraph | None" has no attribute "edges"  [union-attr]
tests/puml_graph/test_graph.py:606: error: Item "None" of "PUMLGraph | None" has no attribute "nodes"  [union-attr]
tests/puml_graph/test_graph.py:608: error: Item "None" of "PUMLGraph | None" has no attribute "nodes"  [union-attr]
tests/puml_graph/test_graph.py:609: error: Item "None" of "PUMLGraph | None" has no attribute "nodes"  [union-attr]
tests/puml_graph/test_graph.py:611: error: Item "None" of "PUMLGraph | None" has no attribute "edges"  [union-attr]
tests/puml_graph/test_graph.py:613: error: Item "None" of "PUMLGraph | None" has no attribute "edges"  [union-attr]
tests/puml_graph/test_graph.py:639: error: Item "None" of "PUMLGraph | None" has no attribute "nodes"  [union-attr]
tests/puml_graph/test_graph.py:641: error: Item "None" of "PUMLGraph | None" has no attribute "nodes"  [union-attr]
tests/puml_graph/test_graph.py:642: error: Item "None" of "PUMLGraph | None" has no attribute "nodes"  [union-attr]
tests/puml_graph/test_graph.py:644: error: Item "None" of "PUMLGraph | None" has no attribute "edges"  [union-attr]
tests/puml_graph/test_graph.py:646: error: Item "None" of "PUMLGraph | None" has no attribute "edges"  [union-attr]
tel2puml/puml_graph/graph_loop_extract.py:4: error: Skipping analyzing "networkx": module is installed, but missing library stubs or py.typed marker  [import-untyped]
tel2puml/puml_graph/graph_loop_extract.py:56: error: Need type annotation for "start_loop_nodes" (hint: "start_loop_nodes: Set[<type>] = ...")  [var-annotated]
tel2puml/puml_graph/graph_loop_extract.py:57: error: Need type annotation for "end_loop_nodes" (hint: "end_loop_nodes: Set[<type>] = ...")  [var-annotated]
tel2puml/node_map_to_puml/node.py:9: error: Skipping analyzing "networkx": module is installed, but missing library stubs or py.typed marker  [import-untyped]
tel2puml/node_map_to_puml/node.py:10: error: Skipping analyzing "pm4py": module is installed, but missing library stubs or py.typed marker  [import-untyped]
tel2puml/node_map_to_puml/node.py:11: error: Skipping analyzing "pm4py.objects.process_tree.obj": module is installed, but missing library stubs or py.typed marker  [import-untyped]
tel2puml/node_map_to_puml/node.py:11: note: See https://mypy.readthedocs.io/en/stable/running_mypy.html#missing-imports
tel2puml/node_map_to_puml/node.py:92: error: Unsupported left operand type for + ("None")  [operator]
tel2puml/node_map_to_puml/node.py:92: note: Left operand is of type "str | None"
tel2puml/node_map_to_puml/node.py:284: error: Function is missing a return type annotation  [no-untyped-def]
tel2puml/node_map_to_puml/node.py:286: error: Incompatible default for argument "uid" (default has type "None", argument has type "str")  [assignment]
tel2puml/node_map_to_puml/node.py:286: note: PEP 484 prohibits implicit Optional. Accordingly, mypy has changed its default to no_implicit_optional=True
tel2puml/node_map_to_puml/node.py:286: note: Use https://github.com/hauntsaninja/no_implicit_optional to automatically upgrade your codebase
tel2puml/node_map_to_puml/node.py:287: error: Missing type parameters for generic type "list"  [type-arg]
tel2puml/node_map_to_puml/node.py:287: error: Incompatible default for argument "incoming" (default has type "None", argument has type "list[Any]")  [assignment]
tel2puml/node_map_to_puml/node.py:287: note: PEP 484 prohibits implicit Optional. Accordingly, mypy has changed its default to no_implicit_optional=True
tel2puml/node_map_to_puml/node.py:287: note: Use https://github.com/hauntsaninja/no_implicit_optional to automatically upgrade your codebase
tel2puml/node_map_to_puml/node.py:288: error: Missing type parameters for generic type "list"  [type-arg]
tel2puml/node_map_to_puml/node.py:288: error: Incompatible default for argument "outgoing" (default has type "None", argument has type "list[Any]")  [assignment]
tel2puml/node_map_to_puml/node.py:288: note: PEP 484 prohibits implicit Optional. Accordingly, mypy has changed its default to no_implicit_optional=True
tel2puml/node_map_to_puml/node.py:288: note: Use https://github.com/hauntsaninja/no_implicit_optional to automatically upgrade your codebase
tel2puml/node_map_to_puml/node.py:289: error: Missing type parameters for generic type "list"  [type-arg]
tel2puml/node_map_to_puml/node.py:289: error: Incompatible default for argument "incoming_logic" (default has type "None", argument has type "list[Any]")  [assignment]
tel2puml/node_map_to_puml/node.py:289: note: PEP 484 prohibits implicit Optional. Accordingly, mypy has changed its default to no_implicit_optional=True
tel2puml/node_map_to_puml/node.py:289: note: Use https://github.com/hauntsaninja/no_implicit_optional to automatically upgrade your codebase
tel2puml/node_map_to_puml/node.py:290: error: Missing type parameters for generic type "list"  [type-arg]
tel2puml/node_map_to_puml/node.py:290: error: Incompatible default for argument "outgoing_logic" (default has type "None", argument has type "list[Any]")  [assignment]
tel2puml/node_map_to_puml/node.py:290: note: PEP 484 prohibits implicit Optional. Accordingly, mypy has changed its default to no_implicit_optional=True
tel2puml/node_map_to_puml/node.py:290: note: Use https://github.com/hauntsaninja/no_implicit_optional to automatically upgrade your codebase
tel2puml/node_map_to_puml/node.py:362: error: Incompatible return value type (got "tuple[PUMLEvent, ...]", expected "tuple[PUMLEvent]")  [return-value]
tel2puml/node_map_to_puml/node.py:363: error: Incompatible return value type (got "tuple[Never, ...]", expected "tuple[PUMLEvent]")  [return-value]
tel2puml/node_map_to_puml/node.py:496: error: Need type annotation for "event_node_ref" (hint: "event_node_ref: Dict[<type>, <type>] = ...")  [var-annotated]
tel2puml/node_map_to_puml/node.py:589: error: Incompatible types in assignment (expression has type "None", variable has type "int")  [assignment]
tel2puml/node_map_to_puml/node.py:615: error: No overload variant of "__setitem__" of "list" matches argument types "int", "PUMLNode"  [call-overload]
tel2puml/node_map_to_puml/node.py:615: note: Possible overload variants:
tel2puml/node_map_to_puml/node.py:615: note:     def __setitem__(self, SupportsIndex, PUMLOperatorNode, /) -> None
tel2puml/node_map_to_puml/node.py:615: note:     def __setitem__(self, slice, Iterable[PUMLOperatorNode], /) -> None
tel2puml/node_map_to_puml/node.py:642: error: Incompatible types in assignment (expression has type "list[PUMLOperatorNode | PUMLNode]", variable has type "list[PUMLOperatorNode]")  [assignment]
tel2puml/node_map_to_puml/node.py:650: error: Incompatible return value type (got "tuple[PUMLNode, Node | None]", expected "tuple[PUMLNode, Node]")  [return-value]
tel2puml/node_map_to_puml/node.py:707: error: Argument 1 to "has_event_set_as_subset" of "Event" has incompatible type "list[str | None]"; expected "list[str]"  [arg-type]
tel2puml/node_map_to_puml/node.py:817: error: Argument 1 to "create_event_node" of "PUMLGraph" has incompatible type "str | None"; expected "str"  [arg-type]
tel2puml/node_map_to_puml/node.py:849: error: Incompatible types in assignment (expression has type "PUMLKillNode", variable has type "PUMLEventNode")  [assignment]
tel2puml/node_map_to_puml/node.py:852: error: Incompatible types in assignment (expression has type "PUMLOperatorNode | PUMLEventNode", variable has type "PUMLEventNode")  [assignment]
tel2puml/node_map_to_puml/node.py:867: error: Incompatible types in assignment (expression has type "PUMLNode", variable has type "PUMLEventNode")  [assignment]
tel2puml/node_map_to_puml/node.py:881: error: Argument 2 to "update_puml_graph_with_event_node" has incompatible type "Node | None"; expected "Node"  [arg-type]
tel2puml/node_map_to_puml/node.py:892: error: Incompatible types in assignment (expression has type "PUMLNode", variable has type "PUMLEventNode")  [assignment]
tel2puml/node_map_to_puml/node.py:903: error: Incompatible types in assignment (expression has type "PUMLOperatorNode", variable has type "PUMLEventNode")  [assignment]
tel2puml/node_map_to_puml/node.py:938: error: Argument 1 to "create_operator_node_pair" of "PUMLGraph" has incompatible type "PUMLOperator | None"; expected "PUMLOperator"  [arg-type]
tel2puml/node_map_to_puml/node.py:948: error: Incompatible return value type (got "tuple[PUMLOperatorNode | PUMLEventNode, Node]", expected "tuple[PUMLOperatorNode, Node]")  [return-value]
tel2puml/node_map_to_puml/node.py:1011: error: Argument 2 to "create_logic_merge" of "LogicBlockHolder" has incompatible type "Node | None"; expected "Node"  [arg-type]
tel2puml/node_map_to_puml/node.py:1026: error: Argument 3 to "handle_rotate_path" has incompatible type "PUMLNode"; expected "PUMLOperatorNode"  [arg-type]
tel2puml/node_map_to_puml/node.py:1053: error: Incompatible types in assignment (expression has type "PUMLNode", variable has type "PUMLOperatorNode")  [assignment]
tel2puml/node_map_to_puml/node.py:1060: error: Incompatible types in assignment (expression has type "PUMLOperatorNode | PUMLEventNode", variable has type "PUMLOperatorNode")  [assignment]
tel2puml/node_map_to_puml/node.py:1120: error: Incompatible return value type (got "tuple[PUMLNode, Node]", expected "tuple[PUMLOperatorNode | PUMLEventNode, Node]")  [return-value]
tel2puml/node_map_to_puml/node.py:1160: error: Incompatible types in assignment (expression has type "PUMLEventNode", variable has type "PUMLOperatorNode")  [assignment]
tests/puml_graph/test_graph_loop_extract.py:58: error: Argument 1 to "remove" of "list" has incompatible type "Hashable"; expected "str"  [arg-type]
tests/puml_graph/test_graph_loop_extract.py:64: error: Argument 1 to "remove" of "list" has incompatible type "Hashable"; expected "str"  [arg-type]
tests/puml_graph/test_graph_loop_extract.py:75: error: Argument 1 to "remove" of "list" has incompatible type "Hashable"; expected "str"  [arg-type]
tests/puml_graph/test_graph_loop_extract.py:81: error: Argument 1 to "remove" of "list" has incompatible type "Hashable"; expected "str"  [arg-type]
tests/puml_graph/test_graph_loop_extract.py:303: error: Argument 1 to "remove" of "list" has incompatible type "tuple[Hashable, Hashable]"; expected "tuple[tuple[str, str, int], tuple[str, str, int]]"  [arg-type]
tests/puml_graph/test_graph_loop_extract.py:321: error: Argument 1 to "check_correct_start_and_end_nodes" of "TestGetLoopStartAndEnd" has incompatible type "list[tuple[PUMLNode, PUMLNode]]"; expected "list[tuple[PUMLEventNode, PUMLEventNode]]"  [arg-type]
tests/puml_graph/test_graph_loop_extract.py:336: error: Argument 1 to "check_correct_start_and_end_nodes" of "TestGetLoopStartAndEnd" has incompatible type "list[tuple[PUMLNode, PUMLNode]]"; expected "list[tuple[PUMLEventNode, PUMLEventNode]]"  [arg-type]
tests/node_map_to_puml/test_node.py:5: error: Skipping analyzing "pm4py": module is installed, but missing library stubs or py.typed marker  [import-untyped]
tests/node_map_to_puml/test_node.py:6: error: Skipping analyzing "networkx": module is installed, but missing library stubs or py.typed marker  [import-untyped]
tests/node_map_to_puml/test_node.py:32: error: Module "tel2puml.puml_graph.graph" does not explicitly export attribute "PUMLOperatorNodes"  [attr-defined]
tests/node_map_to_puml/test_node.py:94: error: Argument 2 to "load_logic_into_list" of "Node" has incompatible type "str"; expected "Literal['incoming', 'outgoing']"  [arg-type]
tests/node_map_to_puml/test_node.py:118: error: Argument 2 to "load_logic_into_list" of "Node" has incompatible type "str"; expected "Literal['incoming', 'outgoing']"  [arg-type]
tests/node_map_to_puml/test_node.py:150: error: Argument 2 to "load_logic_into_list" of "Node" has incompatible type "str"; expected "Literal['incoming', 'outgoing']"  [arg-type]
tests/node_map_to_puml/test_node.py:182: error: Argument 2 to "load_logic_into_list" of "Node" has incompatible type "str"; expected "Literal['incoming', 'outgoing']"  [arg-type]
tests/node_map_to_puml/test_node.py:215: error: Argument 2 to "load_logic_into_list" of "Node" has incompatible type "str"; expected "Literal['incoming', 'outgoing']"  [arg-type]
tests/node_map_to_puml/test_node.py:263: error: Argument 2 to "load_logic_into_list" of "Node" has incompatible type "str"; expected "Literal['incoming', 'outgoing']"  [arg-type]
tests/node_map_to_puml/test_node.py:301: error: Argument 2 to "load_logic_into_list" of "Node" has incompatible type "str"; expected "Literal['incoming', 'outgoing']"  [arg-type]
tests/node_map_to_puml/test_node.py:338: error: Argument 2 to "load_logic_into_list" of "Node" has incompatible type "str"; expected "Literal['incoming', 'outgoing']"  [arg-type]
tests/node_map_to_puml/test_node.py:445: error: Argument 3 to "load_logic_tree_into_nodes" has incompatible type "str"; expected "Literal['incoming', 'outgoing']"  [arg-type]
tests/node_map_to_puml/test_node.py:473: error: Argument 3 to "load_all_logic_trees_into_nodes" has incompatible type "str"; expected "Literal['incoming', 'outgoing']"  [arg-type]
tests/node_map_to_puml/test_node.py:516: error: Argument 1 to "update_all_connections_from_clustered_events" has incompatible type "Generator[Generator[dict[Any, Any], Any, None], Any, None]"; expected "Iterable[Iterable[PVEvent]]"  [arg-type]
tests/node_map_to_puml/test_node.py:549: error: Argument 1 to "update_all_connections_from_clustered_events" has incompatible type "Generator[Generator[dict[Any, Any], Any, None], Any, None]"; expected "Iterable[Iterable[PVEvent]]"  [arg-type]
tests/node_map_to_puml/test_node.py:568: error: Need type annotation for "expected_incoming_event_type_logic"  [var-annotated]
tests/node_map_to_puml/test_node.py:584: error: Unsupported right operand type for in ("object")  [operator]
tests/node_map_to_puml/test_node.py:593: error: Value of type "object" is not indexable  [index]
tests/node_map_to_puml/test_node.py:652: error: Argument 1 to "update_all_connections_from_clustered_events" has incompatible type "Generator[Generator[dict[Any, Any], Any, None], Any, None]"; expected "Iterable[Iterable[PVEvent]]"  [arg-type]
tests/node_map_to_puml/test_node.py:791: error: Argument 1 to "update_all_connections_from_clustered_events" has incompatible type "Generator[Generator[dict[Any, Any], Any, None], Any, None]"; expected "Iterable[Iterable[PVEvent]]"  [arg-type]
tests/node_map_to_puml/test_node.py:814: error: Argument 1 to "rotate_path" of "LogicBlockHolder" has incompatible type "Node | None"; expected "Node"  [arg-type]
tests/node_map_to_puml/conftest.py:6: error: Skipping analyzing "pm4py": module is installed, but missing library stubs or py.typed marker  [import-untyped]
tests/node_map_to_puml/conftest.py:7: error: Skipping analyzing "pm4py.objects.process_tree.obj": module is installed, but missing library stubs or py.typed marker  [import-untyped]
tel2puml/puml_graph/graph_loop_insert.py:42: error: Argument 1 to "insert_loops" has incompatible type "PUMLGraph | None"; expected "PUMLGraph"  [arg-type]
tests/puml_graph/test_graph_loop_insert.py:47: error: Item "None" of "PUMLGraph | None" has no attribute "nodes"  [union-attr]
tests/puml_graph/test_graph_loop_insert.py:57: error: Item "None" of "PUMLGraph | None" has no attribute "nodes"  [union-attr]
tests/puml_graph/test_graph_loop_insert.py:73: error: Item "None" of "PUMLGraph | None" has no attribute "nodes"  [union-attr]
tests/puml_graph/test_graph_loop_insert.py:79: error: Item "None" of "PUMLGraph | None" has no attribute "subgraph_nodes"  [union-attr]
tests/node_map_to_puml/test_node_update.py:106: error: Argument 1 to "update_logic_nodes_with_lonely_merges_from_node_to_node_kill_map" has incompatible type "dict[str, list[str]]"; expected "dict[str, Iterable[str]]"  [arg-type]
tests/node_map_to_puml/test_node_update.py:106: note: "Dict" is invariant -- see https://mypy.readthedocs.io/en/stable/common_issues.html#variance
tests/node_map_to_puml/test_node_update.py:106: note: Consider using "Mapping" instead, which is covariant in the value type
tel2puml/pv_to_puml.py:87: error: Argument 1 to "update_logic_nodes_with_lonely_merges_from_node_to_node_kill_map" has incompatible type "dict[str, set[str]]"; expected "dict[str, Iterable[str]]"  [arg-type]
tel2puml/pv_to_puml.py:87: note: "Dict" is invariant -- see https://mypy.readthedocs.io/en/stable/common_issues.html#variance
tel2puml/pv_to_puml.py:87: note: Consider using "Mapping" instead, which is covariant in the value type
tel2puml/pv_to_puml.py:134: error: Returning Any from function declared to return "list[PVEvent]"  [no-any-return]
tests/test_pv_to_puml.py:16: error: Argument 1 to "pv_to_puml_string" has incompatible type "Generator[Generator[dict[Any, Any], Any, None], Any, None]"; expected "Iterable[Iterable[PVEvent]]"  [arg-type]
tests/test_pv_to_puml.py:26: error: Argument 1 to "pv_to_puml_string" has incompatible type "Generator[Generator[dict[Any, Any], Any, None], Any, None]"; expected "Iterable[Iterable[PVEvent]]"  [arg-type]
tests/test_pv_to_puml.py:37: error: Argument 1 to "pv_to_puml_string" has incompatible type "Generator[Generator[dict[Any, Any], Any, None], Any, None]"; expected "Iterable[Iterable[PVEvent]]"  [arg-type]
tests/test_pv_to_puml.py:47: error: Argument 1 to "pv_to_puml_string" has incompatible type "Generator[Generator[dict[Any, Any], Any, None], Any, None]"; expected "Iterable[Iterable[PVEvent]]"  [arg-type]
tel2puml/utils_test.py:39: error: Argument 1 to "pv_to_puml_string" has incompatible type "Generator[Generator[dict[Any, Any], Any, None], Any, None]"; expected "Iterable[Iterable[PVEvent]]"  [arg-type]
Found 212 errors in 24 files (checked 36 source files)
